May 22, 2025 9:22:53 PM gui.Login.LogIn <init>
INFO: Application Started
May 22, 2025 9:23:33 PM gui.Login.LogIn <init>
INFO: Application Started
May 22, 2025 9:25:24 PM gui.Login.LogIn <init>
INFO: Application Started
May 22, 2025 10:20:09 PM gui.Login.LogIn <init>
INFO: Application Started
May 24, 2025 10:27:18 PM gui.Login.LogIn <init>
INFO: Application Started
May 25, 2025 8:02:46 AM gui.Login.LogIn <init>
INFO: Application Started
May 25, 2025 8:22:55 AM gui.Login.LogIn <init>
INFO: Application Started
May 25, 2025 10:22:57 AM gui.Login.LogIn <init>
INFO: Application Started
May 25, 2025 10:25:54 AM gui.Login.LogIn <init>
INFO: Application Started
May 25, 2025 10:35:05 AM gui.Login.LogIn <init>
INFO: Application Started
May 25, 2025 10:48:49 AM gui.Login.LogIn <init>
INFO: Application Started
May 25, 2025 10:49:16 AM gui.Login.LogIn <init>
INFO: Application Started
May 25, 2025 10:55:13 AM gui.Login.LogIn <init>
INFO: Application Started
May 25, 2025 7:47:38 PM gui.Login.LogIn <init>
INFO: Application Started
Jun 08, 2025 9:47:38 PM gui.Login.LogIn <init>
INFO: Application Started
Jun 08, 2025 9:54:37 PM gui.Login.LogIn <init>
INFO: Application Started
Jun 08, 2025 10:05:51 PM gui.Login.LogIn <init>
INFO: Application Started
Jun 08, 2025 10:18:59 PM gui.Login.LogIn <init>
INFO: Application Started
Jun 08, 2025 10:21:51 PM gui.Login.LogIn <init>
INFO: Application Started
Jun 08, 2025 10:22:51 PM gui.Login.LogIn <init>
INFO: Application Started
Jun 09, 2025 8:12:52 AM gui.Login.LogIn <init>
INFO: Application Started
Jun 09, 2025 9:38:23 AM gui.Login.LogIn <init>
INFO: Application Started
